Determining if the pthread_create exist failed with the following output:
Change Dir: /home/manish/Awesomestuff/classes/HRI-F-2k17/projectws/build/CMakeFiles/CMakeTmp

Run Build Command:"/usr/bin/make" "cmTC_bb03c/fast"
/usr/bin/make -f CMakeFiles/cmTC_bb03c.dir/build.make CMakeFiles/cmTC_bb03c.dir/build
make[1]: Entering directory '/home/manish/Awesomestuff/classes/HRI-F-2k17/projectws/build/CMakeFiles/CMakeTmp'
Building C object CMakeFiles/cmTC_bb03c.dir/CheckSymbolExists.c.o
/usr/bin/cc     -o CMakeFiles/cmTC_bb03c.dir/CheckSymbolExists.c.o   -c /home/manish/Awesomestuff/classes/HRI-F-2k17/projectws/build/CMakeFiles/CMakeTmp/CheckSymbolExists.c
Linking C executable cmTC_bb03c
/usr/bin/cmake -E cmake_link_script CMakeFiles/cmTC_bb03c.dir/link.txt --verbose=1
/usr/bin/cc       CMakeFiles/cmTC_bb03c.dir/CheckSymbolExists.c.o  -o cmTC_bb03c -rdynamic 
CMakeFiles/cmTC_bb03c.dir/CheckSymbolExists.c.o: In function `main':
CheckSymbolExists.c:(.text+0x16): undefined reference to `pthread_create'
collect2: error: ld returned 1 exit status
CMakeFiles/cmTC_bb03c.dir/build.make:97: recipe for target 'cmTC_bb03c' failed
make[1]: *** [cmTC_bb03c] Error 1
make[1]: Leaving directory '/home/manish/Awesomestuff/classes/HRI-F-2k17/projectws/build/CMakeFiles/CMakeTmp'
Makefile:126: recipe for target 'cmTC_bb03c/fast' failed
make: *** [cmTC_bb03c/fast] Error 2

File /home/manish/Awesomestuff/classes/HRI-F-2k17/projectws/build/CMakeFiles/CMakeTmp/CheckSymbolExists.c:
/* */
#include <pthread.h>

int main(int argc, char** argv)
{
  (void)argv;
#ifndef pthread_create
  return ((int*)(&pthread_create))[argc];
#else
  (void)argc;
  return 0;
#endif
}

Determining if the function pthread_create exists in the pthreads failed with the following output:
Change Dir: /home/manish/Awesomestuff/classes/HRI-F-2k17/projectws/build/CMakeFiles/CMakeTmp

Run Build Command:"/usr/bin/make" "cmTC_59a30/fast"
/usr/bin/make -f CMakeFiles/cmTC_59a30.dir/build.make CMakeFiles/cmTC_59a30.dir/build
make[1]: Entering directory '/home/manish/Awesomestuff/classes/HRI-F-2k17/projectws/build/CMakeFiles/CMakeTmp'
Building C object CMakeFiles/cmTC_59a30.dir/CheckFunctionExists.c.o
/usr/bin/cc    -DCHECK_FUNCTION_EXISTS=pthread_create   -o CMakeFiles/cmTC_59a30.dir/CheckFunctionExists.c.o   -c /usr/share/cmake-3.5/Modules/CheckFunctionExists.c
Linking C executable cmTC_59a30
/usr/bin/cmake -E cmake_link_script CMakeFiles/cmTC_59a30.dir/link.txt --verbose=1
/usr/bin/cc   -DCHECK_FUNCTION_EXISTS=pthread_create    CMakeFiles/cmTC_59a30.dir/CheckFunctionExists.c.o  -o cmTC_59a30 -rdynamic -lpthreads 
/usr/bin/ld: cannot find -lpthreads
collect2: error: ld returned 1 exit status
CMakeFiles/cmTC_59a30.dir/build.make:97: recipe for target 'cmTC_59a30' failed
make[1]: *** [cmTC_59a30] Error 1
make[1]: Leaving directory '/home/manish/Awesomestuff/classes/HRI-F-2k17/projectws/build/CMakeFiles/CMakeTmp'
Makefile:126: recipe for target 'cmTC_59a30/fast' failed
make: *** [cmTC_59a30/fast] Error 2


